2015-01-21 16:47:42 Error: Fatal Error (64): require_once() [<a href='http://php.net/function.require'>function.require</a>]: Failed opening required '../../app-common/Config/database.php' (include_path='/srv/application/backend/lib:.:/usr/share/php:/usr/share/pear') in [/srv/application/backend/app-api/Config/database.php, line 4]
2015-01-21 16:47:42 Error: [FatalErrorException] require_once() [<a href='http://php.net/function.require'>function.require</a>]: Failed opening required '../../app-common/Config/database.php' (include_path='/srv/application/backend/lib:.:/usr/share/php:/usr/share/pear')
Request URL: /api/
Stack Trace:
#0 /srv/application/backend/lib/Cake/Error/ErrorHandler.php(203): ErrorHandler::handleFatalError(64, 'require_once() ...', '/srv/applicatio...', 4)
#1 [internal function]: ErrorHandler::handleError(64, 'require_once() ...', '/srv/applicatio...', 4, Array)
#2 /srv/application/backend/lib/Cake/Core/App.php(931): call_user_func('ErrorHandler::h...', 64, 'require_once() ...', '/srv/applicatio...', 4, Array)
#3 /srv/application/backend/lib/Cake/Core/App.php(904): App::_checkFatalError()
#4 [internal function]: App::shutdown()
#5 {main}
2015-01-21 21:29:29 Error: Fatal Error (1): Class 'ApiView' not found in [/srv/application/backend/lib/Cake/Controller/Controller.php, line 1246]
2015-01-21 21:29:30 Error: [FatalErrorException] Class 'ApiView' not found
Request URL: /api/
Stack Trace:
#0 /srv/application/backend/lib/Cake/Error/ErrorHandler.php(203): ErrorHandler::handleFatalError(1, 'Class 'ApiView'...', '/srv/applicatio...', 1246)
#1 [internal function]: ErrorHandler::handleError(1, 'Class 'ApiView'...', '/srv/applicatio...', 1246, Array)
#2 /srv/application/backend/lib/Cake/Core/App.php(931): call_user_func('ErrorHandler::h...', 1, 'Class 'ApiView'...', '/srv/applicatio...', 1246, Array)
#3 /srv/application/backend/lib/Cake/Core/App.php(904): App::_checkFatalError()
#4 [internal function]: App::shutdown()
#5 {main}
2015-01-21 21:30:15 Error: [MissingHelperException] Helper class ApiResponseHelper could not be found.
Exception Attributes: array (
  'class' => 'ApiResponseHelper',
  'plugin' => false,
)
Request URL: /api/
Stack Trace:
#0 /srv/application/backend/lib/Cake/View/View.php(897): HelperCollection->load('ApiResponse', Array)
#1 /srv/application/backend/lib/Cake/View/View.php(354): View->loadHelpers()
#2 /srv/application/backend/app-api/View/ApiView.php(24): View->__construct(Object(PagesController))
#3 /srv/application/backend/lib/Cake/Controller/Controller.php(1246): ApiView->__construct(Object(PagesController))
#4 /srv/application/backend/lib/Cake/Controller/Controller.php(945): Controller->_getViewObject()
#5 /srv/application/backend/app-api/Controller/PagesController.php(68): Controller->render('home')
#6 [internal function]: PagesController->display('home')
#7 /srv/application/backend/lib/Cake/Controller/Controller.php(490): ReflectionMethod->invokeArgs(Object(PagesController), Array)
#8 /srv/application/backend/lib/Cake/Routing/Dispatcher.php(193): Controller->invokeAction(Object(CakeRequest))
#9 /srv/application/backend/lib/Cake/Routing/Dispatcher.php(167): Dispatcher->_invoke(Object(PagesController), Object(CakeRequest))
#10 /srv/application/backend/app-api/webroot/index.php(118): Dispatcher->dispatch(Object(CakeRequest), Object(CakeResponse))
#11 {main}
2015-01-21 21:32:07 Error: [MissingViewException] View file "Pages/json/home.ctp" is missing.
Exception Attributes: array (
  'file' => 'Pages/json/home.ctp',
)
Request URL: /api/
Stack Trace:
#0 /srv/application/backend/lib/Cake/View/View.php(470): View->_getViewFileName('home')
#1 /srv/application/backend/lib/Cake/Controller/Controller.php(959): View->render('home', NULL)
#2 /srv/application/backend/app-api/Controller/PagesController.php(68): Controller->render('home')
#3 [internal function]: PagesController->display('home')
#4 /srv/application/backend/lib/Cake/Controller/Controller.php(490): ReflectionMethod->invokeArgs(Object(PagesController), Array)
#5 /srv/application/backend/lib/Cake/Routing/Dispatcher.php(193): Controller->invokeAction(Object(CakeRequest))
#6 /srv/application/backend/lib/Cake/Routing/Dispatcher.php(167): Dispatcher->_invoke(Object(PagesController), Object(CakeRequest))
#7 /srv/application/backend/app-api/webroot/index.php(118): Dispatcher->dispatch(Object(CakeRequest), Object(CakeResponse))
#8 {main}
2015-01-21 21:47:10 Error: [MissingPluginException] Plugin DebugKit could not be found.
Exception Attributes: array (
  'plugin' => 'DebugKit',
)
Request URL: /api/
Stack Trace:
#0 /srv/application/backend/lib/Cake/Core/App.php(227): CakePlugin::path('DebugKit')
#1 /srv/application/backend/lib/Cake/Core/App.php(549): App::path('Controller/Comp...', 'DebugKit')
#2 [internal function]: App::load('ToolbarComponen...')
#3 [internal function]: spl_autoload_call('ToolbarComponen...')
#4 /srv/application/backend/lib/Cake/Controller/ComponentCollection.php(110): class_exists('ToolbarComponen...')
#5 /srv/application/backend/lib/Cake/Controller/ComponentCollection.php(53): ComponentCollection->load('DebugKit.Toolba...', Array)
#6 /srv/application/backend/lib/Cake/Controller/Controller.php(643): ComponentCollection->init(Object(PagesController))
#7 /srv/application/backend/lib/Cake/Routing/Dispatcher.php(188): Controller->constructClasses()
#8 /srv/application/backend/lib/Cake/Routing/Dispatcher.php(167): Dispatcher->_invoke(Object(PagesController), Object(CakeRequest))
#9 /srv/application/backend/app-api/webroot/index.php(118): Dispatcher->dispatch(Object(CakeRequest), Object(CakeResponse))
#10 {main}
2015-01-21 21:52:22 Error: [MissingPluginException] Plugin DebugKit could not be found.
Exception Attributes: array (
  'plugin' => 'DebugKit',
)
Request URL: /api/
Stack Trace:
#0 /srv/application/backend/lib/Cake/Core/App.php(227): CakePlugin::path('DebugKit')
#1 /srv/application/backend/lib/Cake/Core/App.php(549): App::path('Controller/Comp...', 'DebugKit')
#2 [internal function]: App::load('ToolbarComponen...')
#3 [internal function]: spl_autoload_call('ToolbarComponen...')
#4 /srv/application/backend/lib/Cake/Controller/ComponentCollection.php(110): class_exists('ToolbarComponen...')
#5 /srv/application/backend/lib/Cake/Controller/ComponentCollection.php(53): ComponentCollection->load('DebugKit.Toolba...', Array)
#6 /srv/application/backend/lib/Cake/Controller/Controller.php(643): ComponentCollection->init(Object(PagesController))
#7 /srv/application/backend/lib/Cake/Routing/Dispatcher.php(188): Controller->constructClasses()
#8 /srv/application/backend/lib/Cake/Routing/Dispatcher.php(167): Dispatcher->_invoke(Object(PagesController), Object(CakeRequest))
#9 /srv/application/backend/app-api/webroot/index.php(118): Dispatcher->dispatch(Object(CakeRequest), Object(CakeResponse))
#10 {main}
2015-01-21 21:58:49 Error: [MissingPluginException] Plugin DebugKit could not be found.
Exception Attributes: array (
  'plugin' => 'DebugKit',
)
Request URL: /api/
Stack Trace:
#0 /srv/application/backend/lib/Cake/Core/App.php(227): CakePlugin::path('DebugKit')
#1 /srv/application/backend/lib/Cake/Core/App.php(549): App::path('Controller/Comp...', 'DebugKit')
#2 [internal function]: App::load('ToolbarComponen...')
#3 [internal function]: spl_autoload_call('ToolbarComponen...')
#4 /srv/application/backend/lib/Cake/Controller/ComponentCollection.php(110): class_exists('ToolbarComponen...')
#5 /srv/application/backend/lib/Cake/Controller/ComponentCollection.php(53): ComponentCollection->load('DebugKit.Toolba...', Array)
#6 /srv/application/backend/lib/Cake/Controller/Controller.php(643): ComponentCollection->init(Object(PagesController))
#7 /srv/application/backend/lib/Cake/Routing/Dispatcher.php(188): Controller->constructClasses()
#8 /srv/application/backend/lib/Cake/Routing/Dispatcher.php(167): Dispatcher->_invoke(Object(PagesController), Object(CakeRequest))
#9 /srv/application/backend/app-api/webroot/index.php(118): Dispatcher->dispatch(Object(CakeRequest), Object(CakeResponse))
#10 {main}
2015-01-21 22:00:08 Error: [MissingTableException] Table users for model User was not found in datasource default.
Exception Attributes: array (
  'table' => 'users',
  'class' => 'User',
  'ds' => 'default',
)
Request URL: /api/
Stack Trace:
#0 /srv/application/backend/lib/Cake/Model/Model.php(3640): Model->setSource('users')
#1 /srv/application/backend/lib/Cake/Model/Model.php(827): Model->getDataSource()
#2 /srv/application/backend/app-api/Controller/AppController.php(152): Model->__call('createEmptyUser', Array)
#3 /srv/application/backend/app-api/Controller/AppController.php(152): AppModel->createEmptyUser()
#4 [internal function]: AppController->beforeFilter(Object(CakeEvent))
#5 /srv/application/backend/lib/Cake/Event/CakeEventManager.php(243): call_user_func(Array, Object(CakeEvent))
#6 /srv/application/backend/lib/Cake/Controller/Controller.php(676): CakeEventManager->dispatch(Object(CakeEvent))
#7 /srv/application/backend/lib/Cake/Routing/Dispatcher.php(189): Controller->startupProcess()
#8 /srv/application/backend/lib/Cake/Routing/Dispatcher.php(167): Dispatcher->_invoke(Object(PagesController), Object(CakeRequest))
#9 /srv/application/backend/app-api/webroot/index.php(118): Dispatcher->dispatch(Object(CakeRequest), Object(CakeResponse))
#10 {main}
2015-01-21 22:03:50 Error: [MissingTableException] Table users for model User was not found in datasource default.
Exception Attributes: array (
  'table' => 'users',
  'class' => 'User',
  'ds' => 'default',
)
Request URL: /api/
Stack Trace:
#0 /srv/application/backend/lib/Cake/Model/Model.php(3640): Model->setSource('users')
#1 /srv/application/backend/lib/Cake/Model/Model.php(827): Model->getDataSource()
#2 /srv/application/backend/app-api/Controller/AppController.php(152): Model->__call('createEmptyUser', Array)
#3 /srv/application/backend/app-api/Controller/AppController.php(152): AppModel->createEmptyUser()
#4 [internal function]: AppController->beforeFilter(Object(CakeEvent))
#5 /srv/application/backend/lib/Cake/Event/CakeEventManager.php(243): call_user_func(Array, Object(CakeEvent))
#6 /srv/application/backend/lib/Cake/Controller/Controller.php(676): CakeEventManager->dispatch(Object(CakeEvent))
#7 /srv/application/backend/lib/Cake/Routing/Dispatcher.php(189): Controller->startupProcess()
#8 /srv/application/backend/lib/Cake/Routing/Dispatcher.php(167): Dispatcher->_invoke(Object(PagesController), Object(CakeRequest))
#9 /srv/application/backend/app-api/webroot/index.php(118): Dispatcher->dispatch(Object(CakeRequest), Object(CakeResponse))
#10 {main}
2015-01-21 22:25:24 Error: [PDOException] SQLSTATE[42000]: Syntax error or access violation: 1064 You have an error in your SQL syntax; check the manual that corresponds to your MySQL server version for the right syntax to use near 'createEmptyUser' at line 1
Request URL: /api/
Stack Trace:
#0 /srv/application/backend/lib/Cake/Model/Datasource/DboSource.php(460): PDOStatement->execute(Array)
#1 /srv/application/backend/lib/Cake/Model/Datasource/DboSource.php(426): DboSource->_execute('createEmptyUser', Array)
#2 /srv/application/backend/lib/Cake/Model/Datasource/DboSource.php(668): DboSource->execute('createEmptyUser', Array, Array)
#3 /srv/application/backend/lib/Cake/Model/Datasource/DboSource.php(611): DboSource->fetchAll('createEmptyUser', Array, Array)
#4 /srv/application/backend/lib/Cake/Model/Model.php(827): DboSource->query('createEmptyUser', Array, Object(AppModel))
#5 /srv/application/backend/app-api/Controller/AppController.php(152): Model->__call('createEmptyUser', Array)
#6 /srv/application/backend/app-api/Controller/AppController.php(152): AppModel->createEmptyUser()
#7 [internal function]: AppController->beforeFilter(Object(CakeEvent))
#8 /srv/application/backend/lib/Cake/Event/CakeEventManager.php(243): call_user_func(Array, Object(CakeEvent))
#9 /srv/application/backend/lib/Cake/Controller/Controller.php(676): CakeEventManager->dispatch(Object(CakeEvent))
#10 /srv/application/backend/lib/Cake/Routing/Dispatcher.php(189): Controller->startupProcess()
#11 /srv/application/backend/lib/Cake/Routing/Dispatcher.php(167): Dispatcher->_invoke(Object(PagesController), Object(CakeRequest))
#12 /srv/application/backend/app-api/webroot/index.php(118): Dispatcher->dispatch(Object(CakeRequest), Object(CakeResponse))
#13 {main}
2015-01-21 22:35:32 Error: [MissingHelperException] Helper class ApiResponseHelper could not be found.
Exception Attributes: array (
  'class' => 'ApiResponseHelper',
  'plugin' => false,
)
Request URL: /api/
Stack Trace:
#0 /srv/application/backend/lib/Cake/View/HelperCollection.php(63): HelperCollection->load('ApiResponse')
#1 /srv/application/backend/lib/Cake/View/View.php(848): HelperCollection->__isset('ApiResponse')
#2 /srv/application/backend/app-api/View/Pages/json/home.ctp(3): View->__get('ApiResponse')
#3 /srv/application/backend/lib/Cake/View/View.php(961): include('/srv/applicatio...')
#4 /srv/application/backend/lib/Cake/View/View.php(923): View->_evaluate('/srv/applicatio...', Array)
#5 /srv/application/backend/lib/Cake/View/View.php(473): View->_render('/srv/applicatio...')
#6 /srv/application/backend/lib/Cake/Controller/Controller.php(959): View->render('home', NULL)
#7 /srv/application/backend/app-api/Controller/PagesController.php(68): Controller->render('home')
#8 [internal function]: PagesController->display('home')
#9 /srv/application/backend/lib/Cake/Controller/Controller.php(490): ReflectionMethod->invokeArgs(Object(PagesController), Array)
#10 /srv/application/backend/lib/Cake/Routing/Dispatcher.php(193): Controller->invokeAction(Object(CakeRequest))
#11 /srv/application/backend/lib/Cake/Routing/Dispatcher.php(167): Dispatcher->_invoke(Object(PagesController), Object(CakeRequest))
#12 /srv/application/backend/app-api/webroot/index.php(118): Dispatcher->dispatch(Object(CakeRequest), Object(CakeResponse))
#13 {main}
